<?xml version="1.0" encoding="UTF-8"?>
<coverage generated="1543570855948" clover="3.2.0">
  <project timestamp="1543570855949" name="All files">
    <metrics statements="61" coveredstatements="61" conditionals="32" coveredconditionals="22" methods="19" coveredmethods="18" elements="112" coveredelements="101" complexity="0" loc="61" ncloc="61" packages="1" files="3" classes="3">
      <file name="console-logger.ts" path="/Users/balavishnuvj/Workspace/Trials/console-logger/src/console-logger.ts">
        <metrics statements="52" coveredstatements="52" conditionals="30" coveredconditionals="20" methods="18" coveredmethods="17"/>
        <line num="1" count="4" type="stmt"/>
        <line num="15" count="4" type="stmt"/>
        <line num="17" count="4" type="stmt"/>
        <line num="25" count="4" type="stmt"/>
        <line num="48" count="4" type="stmt"/>
        <line num="50" count="24" type="stmt"/>
        <line num="52" count="12" type="cond" truecount="1" falsecount="1"/>
        <line num="53" count="12" type="stmt"/>
        <line num="62" count="22" type="cond" truecount="2" falsecount="0"/>
        <line num="63" count="19" type="cond" truecount="1" falsecount="1"/>
        <line num="64" count="19" type="stmt"/>
        <line num="65" count="19" type="stmt"/>
        <line num="66" count="19" type="cond" truecount="2" falsecount="0"/>
        <line num="67" count="19" type="stmt"/>
        <line num="68" count="19" type="cond" truecount="2" falsecount="0"/>
        <line num="69" count="19" type="stmt"/>
        <line num="75" count="19" type="cond" truecount="2" falsecount="0"/>
        <line num="76" count="12" type="stmt"/>
        <line num="78" count="19" type="cond" truecount="2" falsecount="0"/>
        <line num="79" count="1" type="stmt"/>
        <line num="89" count="4" type="stmt"/>
        <line num="91" count="4" type="stmt"/>
        <line num="93" count="4" type="stmt"/>
        <line num="95" count="4" type="stmt"/>
        <line num="97" count="4" type="stmt"/>
        <line num="98" count="2" type="cond" truecount="1" falsecount="1"/>
        <line num="99" count="2" type="stmt"/>
        <line num="100" count="2" type="stmt"/>
        <line num="107" count="2" type="stmt"/>
        <line num="110" count="4" type="stmt"/>
        <line num="111" count="1" type="cond" truecount="1" falsecount="1"/>
        <line num="112" count="1" type="stmt"/>
        <line num="113" count="1" type="stmt"/>
        <line num="120" count="1" type="stmt"/>
        <line num="123" count="4" type="stmt"/>
        <line num="124" count="1" type="stmt"/>
        <line num="125" count="1" type="stmt"/>
        <line num="128" count="4" type="stmt"/>
        <line num="129" count="3" type="stmt"/>
        <line num="130" count="3" type="stmt"/>
        <line num="133" count="4" type="stmt"/>
        <line num="134" count="4" type="stmt"/>
        <line num="138" count="4" type="stmt"/>
        <line num="151" count="4" type="stmt"/>
        <line num="152" count="3" type="cond" truecount="1" falsecount="1"/>
        <line num="153" count="4" type="cond" truecount="1" falsecount="1"/>
        <line num="154" count="4" type="cond" truecount="1" falsecount="1"/>
        <line num="155" count="3" type="cond" truecount="1" falsecount="1"/>
        <line num="156" count="2" type="cond" truecount="1" falsecount="1"/>
        <line num="159" count="4" type="cond" truecount="1" falsecount="1"/>
        <line num="160" count="4" type="stmt"/>
        <line num="163" count="4" type="stmt"/>
      </file>
      <file name="index.ts" path="/Users/balavishnuvj/Workspace/Trials/console-logger/src/index.ts">
        <metrics statements="3" coveredstatements="3" conditionals="0" coveredconditionals="0" methods="0" coveredmethods="0"/>
        <line num="1" count="4" type="stmt"/>
        <line num="3" count="4" type="stmt"/>
        <line num="5" count="4" type="stmt"/>
      </file>
      <file name="types.ts" path="/Users/balavishnuvj/Workspace/Trials/console-logger/src/types.ts">
        <metrics statements="6" coveredstatements="6" conditionals="2" coveredconditionals="2" methods="1" coveredmethods="1"/>
        <line num="1" count="4" type="cond" truecount="2" falsecount="0"/>
        <line num="2" count="4" type="stmt"/>
        <line num="3" count="4" type="stmt"/>
        <line num="4" count="4" type="stmt"/>
        <line num="5" count="4" type="stmt"/>
        <line num="6" count="4" type="stmt"/>
      </file>
    </metrics>
  </project>
</coverage>
