{"/Users/balavishnuvj/Workspace/Trials/console-logger/src/console-logger.ts": {"path":"/Users/balavishnuvj/Workspace/Trials/console-logger/src/console-logger.ts","statementMap":{"0":{"start":{"line":1,"column":0},"end":{"line":7,"column":16}},"1":{"start":{"line":15,"column":13},"end":{"line":15,"column":22}},"2":{"start":{"line":17,"column":36},"end":{"line":23,"column":1}},"3":{"start":{"line":25,"column":32},"end":{"line":46,"column":1}},"4":{"start":{"line":48,"column":18},"end":{"line":48,"column":41}},"5":{"start":{"line":50,"column":20},"end":{"line":50,"column":116}},"6":{"start":{"line":50,"column":39},"end":{"line":50,"column":116}},"7":{"start":{"line":52,"column":24},"end":{"line":60,"column":1}},"8":{"start":{"line":52,"column":69},"end":{"line":52,"column":95}},"9":{"start":{"line":53,"column":2},"end":{"line":59,"column":4}},"10":{"start":{"line":62,"column":12},"end":{"line":87,"column":1}},"11":{"start":{"line":62,"column":57},"end":{"line":62,"column":83}},"12":{"start":{"line":63,"column":2},"end":{"line":81,"column":3}},"13":{"start":{"line":64,"column":12},"end":{"line":64,"column":21}},"14":{"start":{"line":65,"column":32},"end":{"line":65,"column":92}},"15":{"start":{"line":66,"column":26},"end":{"line":66,"column":77}},"16":{"start":{"line":67,"column":31},"end":{"line":67,"column":90}},"17":{"start":{"line":68,"column":25},"end":{"line":68,"column":74}},"18":{"start":{"line":69,"column":16},"end":{"line":74,"column":5}},"19":{"start":{"line":75,"column":4},"end":{"line":77,"column":5}},"20":{"start":{"line":76,"column":6},"end":{"line":76,"column":46}},"21":{"start":{"line":78,"column":4},"end":{"line":80,"column":5}},"22":{"start":{"line":79,"column":6},"end":{"line":79,"column":33}},"23":{"start":{"line":89,"column":24},"end":{"line":89,"column":55}},"24":{"start":{"line":89,"column":30},"end":{"line":89,"column":55}},"25":{"start":{"line":91,"column":23},"end":{"line":91,"column":53}},"26":{"start":{"line":91,"column":29},"end":{"line":91,"column":53}},"27":{"start":{"line":93,"column":26},"end":{"line":93,"column":59}},"28":{"start":{"line":93,"column":32},"end":{"line":93,"column":59}},"29":{"start":{"line":95,"column":25},"end":{"line":95,"column":57}},"30":{"start":{"line":95,"column":31},"end":{"line":95,"column":57}},"31":{"start":{"line":97,"column":24},"end":{"line":108,"column":1}},"32":{"start":{"line":98,"column":2},"end":{"line":101,"column":3}},"33":{"start":{"line":99,"column":4},"end":{"line":99,"column":38}},"34":{"start":{"line":100,"column":4},"end":{"line":100,"column":62}},"35":{"start":{"line":107,"column":2},"end":{"line":107,"column":27}},"36":{"start":{"line":110,"column":23},"end":{"line":121,"column":1}},"37":{"start":{"line":111,"column":2},"end":{"line":114,"column":3}},"38":{"start":{"line":112,"column":4},"end":{"line":112,"column":37}},"39":{"start":{"line":113,"column":4},"end":{"line":113,"column":62}},"40":{"start":{"line":120,"column":2},"end":{"line":120,"column":26}},"41":{"start":{"line":123,"column":26},"end":{"line":126,"column":1}},"42":{"start":{"line":124,"column":2},"end":{"line":124,"column":37}},"43":{"start":{"line":125,"column":2},"end":{"line":125,"column":29}},"44":{"start":{"line":128,"column":25},"end":{"line":131,"column":1}},"45":{"start":{"line":129,"column":2},"end":{"line":129,"column":36}},"46":{"start":{"line":130,"column":2},"end":{"line":130,"column":28}},"47":{"start":{"line":133,"column":20},"end":{"line":135,"column":1}},"48":{"start":{"line":134,"column":2},"end":{"line":134,"column":29}},"49":{"start":{"line":138,"column":13},"end":{"line":148,"column":2}},"50":{"start":{"line":151,"column":38},"end":{"line":157,"column":1}},"51":{"start":{"line":152,"column":37},"end":{"line":152,"column":63}},"52":{"start":{"line":152,"column":68},"end":{"line":152,"column":104}},"53":{"start":{"line":153,"column":37},"end":{"line":153,"column":63}},"54":{"start":{"line":153,"column":68},"end":{"line":153,"column":104}},"55":{"start":{"line":154,"column":36},"end":{"line":154,"column":62}},"56":{"start":{"line":154,"column":67},"end":{"line":154,"column":102}},"57":{"start":{"line":155,"column":37},"end":{"line":155,"column":63}},"58":{"start":{"line":155,"column":68},"end":{"line":155,"column":104}},"59":{"start":{"line":156,"column":36},"end":{"line":156,"column":62}},"60":{"start":{"line":156,"column":67},"end":{"line":156,"column":102}},"61":{"start":{"line":159,"column":0},"end":{"line":161,"column":1}},"62":{"start":{"line":160,"column":2},"end":{"line":160,"column":32}},"63":{"start":{"line":163,"column":0},"end":{"line":163,"column":29}}},"fnMap":{"0":{"name":"(anonymous_0)","decl":{"start":{"line":15,"column":13},"end":{"line":15,"column":20}},"loc":{"start":{"line":15,"column":13},"end":{"line":15,"column":22}}},"1":{"name":"(anonymous_1)","decl":{"start":{"line":50,"column":20},"end":{"line":50,"column":20}},"loc":{"start":{"line":50,"column":34},"end":{"line":50,"column":116}}},"2":{"name":"(anonymous_2)","decl":{"start":{"line":52,"column":24},"end":{"line":52,"column":24}},"loc":{"start":{"line":52,"column":95},"end":{"line":60,"column":1}}},"3":{"name":"(anonymous_3)","decl":{"start":{"line":62,"column":12},"end":{"line":62,"column":12}},"loc":{"start":{"line":62,"column":83},"end":{"line":87,"column":1}}},"4":{"name":"(anonymous_4)","decl":{"start":{"line":89,"column":24},"end":{"line":89,"column":29}},"loc":{"start":{"line":89,"column":24},"end":{"line":89,"column":55}}},"5":{"name":"(anonymous_5)","decl":{"start":{"line":91,"column":23},"end":{"line":91,"column":28}},"loc":{"start":{"line":91,"column":23},"end":{"line":91,"column":53}}},"6":{"name":"(anonymous_6)","decl":{"start":{"line":93,"column":26},"end":{"line":93,"column":31}},"loc":{"start":{"line":93,"column":26},"end":{"line":93,"column":59}}},"7":{"name":"(anonymous_7)","decl":{"start":{"line":95,"column":25},"end":{"line":95,"column":30}},"loc":{"start":{"line":95,"column":25},"end":{"line":95,"column":57}}},"8":{"name":"(anonymous_8)","decl":{"start":{"line":97,"column":24},"end":{"line":97,"column":24}},"loc":{"start":{"line":97,"column":40},"end":{"line":108,"column":1}}},"9":{"name":"(anonymous_9)","decl":{"start":{"line":110,"column":23},"end":{"line":110,"column":23}},"loc":{"start":{"line":110,"column":39},"end":{"line":121,"column":1}}},"10":{"name":"(anonymous_10)","decl":{"start":{"line":123,"column":26},"end":{"line":123,"column":26}},"loc":{"start":{"line":123,"column":40},"end":{"line":126,"column":1}}},"11":{"name":"(anonymous_11)","decl":{"start":{"line":128,"column":25},"end":{"line":128,"column":25}},"loc":{"start":{"line":128,"column":39},"end":{"line":131,"column":1}}},"12":{"name":"(anonymous_12)","decl":{"start":{"line":133,"column":20},"end":{"line":133,"column":20}},"loc":{"start":{"line":133,"column":37},"end":{"line":135,"column":1}}},"13":{"name":"(anonymous_13)","decl":{"start":{"line":152,"column":9},"end":{"line":152,"column":9}},"loc":{"start":{"line":152,"column":63},"end":{"line":152,"column":104}}},"14":{"name":"(anonymous_14)","decl":{"start":{"line":153,"column":9},"end":{"line":153,"column":9}},"loc":{"start":{"line":153,"column":63},"end":{"line":153,"column":104}}},"15":{"name":"(anonymous_15)","decl":{"start":{"line":154,"column":8},"end":{"line":154,"column":8}},"loc":{"start":{"line":154,"column":62},"end":{"line":154,"column":102}}},"16":{"name":"(anonymous_16)","decl":{"start":{"line":155,"column":9},"end":{"line":155,"column":9}},"loc":{"start":{"line":155,"column":63},"end":{"line":155,"column":104}}},"17":{"name":"(anonymous_17)","decl":{"start":{"line":156,"column":8},"end":{"line":156,"column":8}},"loc":{"start":{"line":156,"column":62},"end":{"line":156,"column":102}}}},"branchMap":{"0":{"loc":{"start":{"line":52,"column":69},"end":{"line":52,"column":95}},"type":"if","locations":[{"start":{"line":52,"column":69},"end":{"line":52,"column":95}},{"start":{"line":52,"column":69},"end":{"line":52,"column":95}}]},"1":{"loc":{"start":{"line":62,"column":57},"end":{"line":62,"column":83}},"type":"if","locations":[{"start":{"line":62,"column":57},"end":{"line":62,"column":83}},{"start":{"line":62,"column":57},"end":{"line":62,"column":83}}]},"2":{"loc":{"start":{"line":63,"column":2},"end":{"line":81,"column":3}},"type":"if","locations":[{"start":{"line":63,"column":2},"end":{"line":81,"column":3}},{"start":{"line":63,"column":2},"end":{"line":81,"column":3}}]},"3":{"loc":{"start":{"line":66,"column":26},"end":{"line":66,"column":54}},"type":"binary-expr","locations":[{"start":{"line":66,"column":26},"end":{"line":66,"column":54}},{"start":{"line":66,"column":58},"end":{"line":66,"column":77}}]},"4":{"loc":{"start":{"line":68,"column":25},"end":{"line":68,"column":52}},"type":"binary-expr","locations":[{"start":{"line":68,"column":25},"end":{"line":68,"column":52}},{"start":{"line":68,"column":56},"end":{"line":68,"column":74}}]},"5":{"loc":{"start":{"line":75,"column":4},"end":{"line":77,"column":5}},"type":"if","locations":[{"start":{"line":75,"column":4},"end":{"line":77,"column":5}},{"start":{"line":75,"column":4},"end":{"line":77,"column":5}}]},"6":{"loc":{"start":{"line":78,"column":4},"end":{"line":80,"column":5}},"type":"if","locations":[{"start":{"line":78,"column":4},"end":{"line":80,"column":5}},{"start":{"line":78,"column":4},"end":{"line":80,"column":5}}]},"7":{"loc":{"start":{"line":98,"column":2},"end":{"line":101,"column":3}},"type":"if","locations":[{"start":{"line":98,"column":2},"end":{"line":101,"column":3}},{"start":{"line":98,"column":2},"end":{"line":101,"column":3}}]},"8":{"loc":{"start":{"line":111,"column":2},"end":{"line":114,"column":3}},"type":"if","locations":[{"start":{"line":111,"column":2},"end":{"line":114,"column":3}},{"start":{"line":111,"column":2},"end":{"line":114,"column":3}}]},"9":{"loc":{"start":{"line":152,"column":37},"end":{"line":152,"column":63}},"type":"if","locations":[{"start":{"line":152,"column":37},"end":{"line":152,"column":63}},{"start":{"line":152,"column":37},"end":{"line":152,"column":63}}]},"10":{"loc":{"start":{"line":153,"column":37},"end":{"line":153,"column":63}},"type":"if","locations":[{"start":{"line":153,"column":37},"end":{"line":153,"column":63}},{"start":{"line":153,"column":37},"end":{"line":153,"column":63}}]},"11":{"loc":{"start":{"line":154,"column":36},"end":{"line":154,"column":62}},"type":"if","locations":[{"start":{"line":154,"column":36},"end":{"line":154,"column":62}},{"start":{"line":154,"column":36},"end":{"line":154,"column":62}}]},"12":{"loc":{"start":{"line":155,"column":37},"end":{"line":155,"column":63}},"type":"if","locations":[{"start":{"line":155,"column":37},"end":{"line":155,"column":63}},{"start":{"line":155,"column":37},"end":{"line":155,"column":63}}]},"13":{"loc":{"start":{"line":156,"column":36},"end":{"line":156,"column":62}},"type":"if","locations":[{"start":{"line":156,"column":36},"end":{"line":156,"column":62}},{"start":{"line":156,"column":36},"end":{"line":156,"column":62}}]},"14":{"loc":{"start":{"line":159,"column":0},"end":{"line":161,"column":1}},"type":"if","locations":[{"start":{"line":159,"column":0},"end":{"line":161,"column":1}},{"start":{"line":159,"column":0},"end":{"line":161,"column":1}}]}},"s":{"0":4,"1":4,"2":4,"3":4,"4":4,"5":4,"6":24,"7":4,"8":12,"9":12,"10":4,"11":22,"12":19,"13":19,"14":19,"15":19,"16":19,"17":19,"18":19,"19":19,"20":12,"21":19,"22":1,"23":4,"24":2,"25":4,"26":1,"27":4,"28":1,"29":4,"30":3,"31":4,"32":2,"33":2,"34":2,"35":2,"36":4,"37":1,"38":1,"39":1,"40":1,"41":4,"42":1,"43":1,"44":4,"45":3,"46":3,"47":4,"48":4,"49":4,"50":4,"51":3,"52":3,"53":4,"54":4,"55":4,"56":4,"57":3,"58":3,"59":2,"60":2,"61":4,"62":4,"63":4},"f":{"0":0,"1":24,"2":12,"3":19,"4":2,"5":1,"6":1,"7":3,"8":2,"9":1,"10":1,"11":3,"12":4,"13":3,"14":4,"15":4,"16":3,"17":2},"b":{"0":[0,12],"1":[3,16],"2":[19,0],"3":[19,14],"4":[19,4],"5":[12,7],"6":[1,18],"7":[2,0],"8":[1,0],"9":[0,3],"10":[0,4],"11":[0,4],"12":[0,3],"13":[0,2],"14":[4,0]}}
,"/Users/balavishnuvj/Workspace/Trials/console-logger/src/index.ts": {"path":"/Users/balavishnuvj/Workspace/Trials/console-logger/src/index.ts","statementMap":{"0":{"start":{"line":1,"column":0},"end":{"line":1,"column":74}},"1":{"start":{"line":3,"column":13},"end":{"line":3,"column":37}},"2":{"start":{"line":5,"column":0},"end":{"line":5,"column":29}}},"fnMap":{},"branchMap":{},"s":{"0":4,"1":4,"2":4},"f":{},"b":{}}
,"/Users/balavishnuvj/Workspace/Trials/console-logger/src/types.ts": {"path":"/Users/balavishnuvj/Workspace/Trials/console-logger/src/types.ts","statementMap":{"0":{"start":{"line":1,"column":0},"end":{"line":7,"column":1}},"1":{"start":{"line":2,"column":4},"end":{"line":2,"column":19}},"2":{"start":{"line":3,"column":4},"end":{"line":3,"column":19}},"3":{"start":{"line":4,"column":4},"end":{"line":4,"column":17}},"4":{"start":{"line":5,"column":4},"end":{"line":5,"column":17}},"5":{"start":{"line":6,"column":4},"end":{"line":6,"column":19}}},"fnMap":{"0":{"name":"(anonymous_0)","decl":{"start":{"line":1,"column":0},"end":{"line":1,"column":11}},"loc":{"start":{"line":1,"column":20},"end":{"line":7,"column":1}}}},"branchMap":{"0":{"loc":{"start":{"line":1,"column":12},"end":{"line":1,"column":20}},"type":"binary-expr","locations":[{"start":{"line":1,"column":12},"end":{"line":1,"column":20}},{"start":{"line":1,"column":12},"end":{"line":1,"column":20}}]}},"s":{"0":4,"1":4,"2":4,"3":4,"4":4,"5":4},"f":{"0":4},"b":{"0":[4,4]}}
}
