TN:
SF:/Users/balavishnuvj/Workspace/Trials/console-logger/src/console-logger.ts
FN:15,(anonymous_0)
FN:50,(anonymous_1)
FN:52,(anonymous_2)
FN:62,(anonymous_3)
FN:89,(anonymous_4)
FN:91,(anonymous_5)
FN:93,(anonymous_6)
FN:95,(anonymous_7)
FN:97,(anonymous_8)
FN:110,(anonymous_9)
FN:123,(anonymous_10)
FN:128,(anonymous_11)
FN:133,(anonymous_12)
FN:152,(anonymous_13)
FN:153,(anonymous_14)
FN:154,(anonymous_15)
FN:155,(anonymous_16)
FN:156,(anonymous_17)
FNF:18
FNH:17
FNDA:0,(anonymous_0)
FNDA:24,(anonymous_1)
FNDA:12,(anonymous_2)
FNDA:19,(anonymous_3)
FNDA:2,(anonymous_4)
FNDA:1,(anonymous_5)
FNDA:1,(anonymous_6)
FNDA:3,(anonymous_7)
FNDA:2,(anonymous_8)
FNDA:1,(anonymous_9)
FNDA:1,(anonymous_10)
FNDA:3,(anonymous_11)
FNDA:4,(anonymous_12)
FNDA:3,(anonymous_13)
FNDA:4,(anonymous_14)
FNDA:4,(anonymous_15)
FNDA:3,(anonymous_16)
FNDA:2,(anonymous_17)
DA:1,4
DA:15,4
DA:17,4
DA:25,4
DA:48,4
DA:50,24
DA:52,12
DA:53,12
DA:62,22
DA:63,19
DA:64,19
DA:65,19
DA:66,19
DA:67,19
DA:68,19
DA:69,19
DA:75,19
DA:76,12
DA:78,19
DA:79,1
DA:89,4
DA:91,4
DA:93,4
DA:95,4
DA:97,4
DA:98,2
DA:99,2
DA:100,2
DA:107,2
DA:110,4
DA:111,1
DA:112,1
DA:113,1
DA:120,1
DA:123,4
DA:124,1
DA:125,1
DA:128,4
DA:129,3
DA:130,3
DA:133,4
DA:134,4
DA:138,4
DA:151,4
DA:152,3
DA:153,4
DA:154,4
DA:155,3
DA:156,2
DA:159,4
DA:160,4
DA:163,4
LF:52
LH:52
BRDA:52,0,0,0
BRDA:52,0,1,12
BRDA:62,1,0,3
BRDA:62,1,1,16
BRDA:63,2,0,19
BRDA:63,2,1,0
BRDA:66,3,0,19
BRDA:66,3,1,14
BRDA:68,4,0,19
BRDA:68,4,1,4
BRDA:75,5,0,12
BRDA:75,5,1,7
BRDA:78,6,0,1
BRDA:78,6,1,18
BRDA:98,7,0,2
BRDA:98,7,1,0
BRDA:111,8,0,1
BRDA:111,8,1,0
BRDA:152,9,0,0
BRDA:152,9,1,3
BRDA:153,10,0,0
BRDA:153,10,1,4
BRDA:154,11,0,0
BRDA:154,11,1,4
BRDA:155,12,0,0
BRDA:155,12,1,3
BRDA:156,13,0,0
BRDA:156,13,1,2
BRDA:159,14,0,4
BRDA:159,14,1,0
BRF:30
BRH:20
end_of_record
TN:
SF:/Users/balavishnuvj/Workspace/Trials/console-logger/src/index.ts
FNF:0
FNH:0
DA:1,4
DA:3,4
DA:5,4
LF:3
LH:3
BRF:0
BRH:0
end_of_record
TN:
SF:/Users/balavishnuvj/Workspace/Trials/console-logger/src/types.ts
FN:1,(anonymous_0)
FNF:1
FNH:1
FNDA:4,(anonymous_0)
DA:1,4
DA:2,4
DA:3,4
DA:4,4
DA:5,4
DA:6,4
LF:6
LH:6
BRDA:1,0,0,4
BRDA:1,0,1,4
BRF:2
BRH:2
end_of_record
